
Inicio nueva charla.
01/03/2021, 16:02:58, Crux, "

¡Hola, Thomas! Soy Crux, asistente de ayuda virtual. Para empezar te mostraré mi menú de acciones.
Sin embargo, también podes ingresar tu solicitud directamente mediante texto.
Para volver a visualizar mi menú sólo debes ingresar 'menú'.
Para finalizar ingresa 'salir'.

"
01/03/2021, 16:03:15, Thomas, "1"
01/03/2021, 16:03:15, Crux, "Listando posteos hechos..."
01/03/2021, 16:03:30, Thomas, ""
01/03/2021, 16:03:31, Crux, "#cuenta"
01/03/2021, 16:03:35, Thomas, "5"
01/03/2021, 16:03:35, Crux, "¡Muy bien!, entonces subamos ese nuevo posteo con foto incluida."

Inicio nueva charla.
01/03/2021, 16:35:45, Crux, "

¡Hola, source /home/thomasq/final/bin/activate! Soy Crux, asistente de ayuda virtual. Para empezar te mostraré mi menú de acciones.
Sin embargo, también podes ingresar tu solicitud directamente mediante texto.
Para volver a visualizar mi menú sólo debes ingresar 'menú'.
Para finalizar ingresa 'salir'.

"
01/03/2021, 16:35:51, source /home/thomasq/final/bin/activate, "11"
01/03/2021, 16:35:51, Crux, "Lo siento, no entendí tu pregunta. ¿Podrías volver a intentarlo?"
01/03/2021, 16:35:57, source /home/thomasq/final/bin/activate, "informacion"
01/03/2021, 16:35:57, Crux, "Lo siento, no entendí tu pregunta. ¿Podrías volver a intentarlo?"
